<?xml version="1.0" encoding="UTF-8"?>
<!-- Generated by org.testng.reporters.JUnitReportReporter -->
<testsuite skipped="0" hostname="DESKTOP-L28IVB5" name="TestLayer.LoginPageTest" tests="1" failures="0" timestamp="2021-08-31T08:09:46 IST" time="7.841" errors="0">
  <testcase name="ValidateLoginFunctionality" time="7.841" classname="TestLayer.LoginPageTest"/>
  <system-out/>
</testsuite> <!-- TestLayer.LoginPageTest -->
