<?xml version="1.0" encoding="UTF-8"?>
<!-- Generated by org.testng.reporters.JUnitReportReporter -->
<testsuite skipped="0" hostname="DESKTOP-L28IVB5" name="TestLayer.ContactPageTest" tests="8" failures="0" timestamp="2021-08-30T14:30:20 IST" time="18.360" errors="0">
  <testcase name="validateLoginFunctionality" time="8.233" classname="TestLayer.ContactPageTest"/>
  <system-out/>
  <testcase name="validateLoggedUserName" time="7.342" classname="TestLayer.ContactPageTest"/>
  <system-out/>
  <testcase name="validateContactLink" time="0.360" classname="TestLayer.ContactPageTest"/>
  <system-out/>
  <testcase name="ValidateCreateNewUserInContactPage" time="0.334" classname="TestLayer.ContactPageTest"/>
  <system-out/>
  <testcase name="ValidateFirstNameIncontactPage" time="0.511" classname="TestLayer.ContactPageTest"/>
  <system-out/>
  <testcase name="ValidateMiddleNameIncontactPage" time="0.323" classname="TestLayer.ContactPageTest"/>
  <system-out/>
  <testcase name="ValidateLastNameIncontactPage" time="0.235" classname="TestLayer.ContactPageTest"/>
  <system-out/>
  <testcase name="ValidateEmailIdIncontactPage" time="1.022" classname="TestLayer.ContactPageTest"/>
  <system-out/>
</testsuite> <!-- TestLayer.ContactPageTest -->
